<?xml version="1.0" encoding="UTF-8"?>
<!-- Generated by org.testng.reporters.JUnitReportReporter -->
<testsuite hostname="LAPTOP-OLKS828O" failures="0" tests="1" name="e_commers.Flipcard" time="16.873" errors="0" timestamp="2024-04-04T18:58:20 IST" skipped="0">
  <testcase classname="e_commers.Flipcard" name="FlipcardTest" time="16.873"/>
  <system-out>
    <![CDATA[Opening Flipcard]]>
  </system-out>
</testsuite> <!-- e_commers.Flipcard -->
