<?xml version="1.0" encoding="UTF-8"?>
<!-- Generated by org.testng.reporters.JUnitReportReporter -->
<testsuite hostname="LAPTOP-OLKS828O" failures="0" tests="1" name="e_commers.Amazon" time="16.017" errors="0" timestamp="2024-04-04T18:58:20 IST" skipped="0">
  <testcase classname="e_commers.Amazon" name="AmezonTest" time="16.017"/>
  <system-out>
    <![CDATA[Opening Amazon]]>
  </system-out>
</testsuite> <!-- e_commers.Amazon -->
