<?xml version="1.0" encoding="UTF-8"?>
<!-- Generated by org.testng.reporters.JUnitReportReporter -->
<testsuite hostname="DESKTOP-O0U4QRU" failures="0" tests="1" name="e_commers.Myntra" time="18.140" errors="0" timestamp="2024-01-06T15:27:28 IST" skipped="0">
  <testcase classname="e_commers.Myntra" name="Myntrap" time="18.140">
    <system-out>
      <![CDATA[Opening Myntra]]>
    </system-out>
  </testcase> <!-- Myntrap -->
  <system-out>
    <![CDATA[Opening Meesho
Opening Amazon
Opening Flipcard
Opening Myntra]]>
  </system-out>
</testsuite> <!-- e_commers.Myntra -->
