<?xml version="1.0" encoding="UTF-8"?>
<!-- Generated by org.testng.reporters.JUnitReportReporter -->
<testsuite hostname="Saurabh" failures="0" tests="1" name="e_commers.Meesho" time="4.373" errors="0" timestamp="2025-01-15T18:37:11 IST" skipped="0">
  <testcase classname="e_commers.Meesho" name="MeeshoTest" time="4.373">
    <system-out>
      <![CDATA[Opening meesho]]>
    </system-out>
  </testcase> <!-- MeeshoTest -->
  <system-out>
    <![CDATA[Opening meesho
Opening Amazon
Opening Flipcard
Opening Myntra]]>
  </system-out>
</testsuite> <!-- e_commers.Meesho -->
