<?xml version="1.0" encoding="UTF-8"?>
<!-- Generated by org.testng.reporters.JUnitReportReporter -->
<testsuite hostname="DESKTOP-O0U4QRU" failures="0" tests="1" name="e_commers.Meesho" time="7.983" errors="0" timestamp="2024-01-06T15:27:28 IST" skipped="0">
  <testcase classname="e_commers.Meesho" name="MeeshoTest" time="7.983">
    <system-out>
      <![CDATA[Opening Meesho]]>
    </system-out>
  </testcase> <!-- MeeshoTest -->
  <system-out>
    <![CDATA[Opening Meesho
Opening Amazon
Opening Flipcard
Opening Myntra]]>
  </system-out>
</testsuite> <!-- e_commers.Meesho -->
