<?xml version="1.0" encoding="UTF-8"?>
<!-- Generated by org.testng.reporters.JUnitReportReporter -->
<testsuite hostname="Saurabh" failures="0" tests="1" name="e_commers.Myntra" time="6.428" errors="0" timestamp="2025-01-15T18:37:11 IST" skipped="0">
  <testcase classname="e_commers.Myntra" name="Myntrap" time="6.428">
    <system-out>
      <![CDATA[Opening Myntra]]>
    </system-out>
  </testcase> <!-- Myntrap -->
  <system-out>
    <![CDATA[Opening meesho
Opening Amazon
Opening Flipcard
Opening Myntra]]>
  </system-out>
</testsuite> <!-- e_commers.Myntra -->
