<?xml version="1.0" encoding="UTF-8"?>
<!-- Generated by org.testng.reporters.JUnitReportReporter -->
<testsuite hostname="DESKTOP-O0U4QRU" failures="0" tests="1" name="e_commers.Amezon" time="4.976" errors="0" timestamp="2023-08-28T16:36:23 IST" skipped="0">
  <testcase classname="e_commers.Amezon" name="AmezonTest" time="4.976">
    <system-out>
      <![CDATA[Opening Meesho]]>
    </system-out>
  </testcase> <!-- AmezonTest -->
  <system-out>
    <![CDATA[Opening Meesho]]>
  </system-out>
</testsuite> <!-- e_commers.Amezon -->
