<?xml version="1.0" encoding="UTF-8"?>
<!-- Generated by org.testng.reporters.JUnitReportReporter -->
<testsuite hostname="Saurabh" failures="0" tests="1" name="e_commers.Flipcard" time="3.265" errors="0" timestamp="2024-09-09T15:49:32 IST" skipped="0">
  <testcase classname="e_commers.Flipcard" name="FlipcardTest" time="3.265">
    <system-out>
      <![CDATA[Opening Flipcard]]>
    </system-out>
  </testcase> <!-- FlipcardTest -->
  <system-out>
    <![CDATA[Opening meesho
Opening Amazon
Opening Flipcard
Opening Myntra]]>
  </system-out>
</testsuite> <!-- e_commers.Flipcard -->
