<?xml version="1.0" encoding="UTF-8"?>
<!-- Generated by org.testng.reporters.JUnitReportReporter -->
<testsuite hostname="Saurabh" failures="0" tests="1" name="e_commers.Amazon" time="3.864" errors="0" timestamp="2024-09-10T16:29:53 IST" skipped="0">
  <testcase classname="e_commers.Amazon" name="AmezonTest" time="3.864">
    <system-out>
      <![CDATA[Opening Amazon]]>
    </system-out>
  </testcase> <!-- AmezonTest -->
  <system-out>
    <![CDATA[Opening meesho
Opening Amazon
Opening Flipcard
Opening Myntra]]>
  </system-out>
</testsuite> <!-- e_commers.Amazon -->
