<?xml version="1.0" encoding="UTF-8"?>
<!-- Generated by org.testng.reporters.JUnitReportReporter -->
<testsuite hostname="DESKTOP-O0U4QRU" failures="0" tests="1" name="e_commers.Meesho" time="6.182" errors="0" timestamp="2023-12-08T20:07:38 IST" skipped="0">
  <testcase classname="e_commers.Meesho" name="MeeshoTest" time="6.182">
    <system-out>
      <![CDATA[Opening Meesho]]>
    </system-out>
  </testcase> <!-- MeeshoTest -->
  <system-out>
    <![CDATA[Opening Meesho
Opening Amazon
Opening Flipcard]]>
  </system-out>
</testsuite> <!-- e_commers.Meesho -->
