<?xml version="1.0" encoding="UTF-8"?>
<!-- Generated by org.testng.reporters.JUnitReportReporter -->
<testsuite hostname="DESKTOP-O0U4QRU" failures="0" tests="1" name="e_commers.Amazon" time="37.842" errors="0" timestamp="2023-12-08T20:07:38 IST" skipped="0">
  <testcase classname="e_commers.Amazon" name="AmezonTest" time="37.842">
    <system-out>
      <![CDATA[Opening Amazon]]>
    </system-out>
  </testcase> <!-- AmezonTest -->
  <system-out>
    <![CDATA[Opening Meesho
Opening Amazon
Opening Flipcard]]>
  </system-out>
</testsuite> <!-- e_commers.Amazon -->
